1692028641170	geckodriver	INFO	Listening on 127.0.0.1:62272
1692028641481	mozrunner::runner	INFO	Running command: MOZ_CRASHREPORTER="1" MOZ_CRASHREPORTER_NO_REPORT="1" MOZ_CRASHREPORTER_SHUTDOWN="1" MOZ_NO_REMOTE="1" "/App ... s" "localhost" "-foreground" "-no-remote" "-profile" "/var/folders/25/_g0dwxk50c55q9lqb8pbn9nc0000gp/T/rust_mozprofilemfELsC"
1692028642490	Marionette	INFO	Marionette enabled
1692028642698	Marionette	INFO	Listening on port 62309
Read port: 62309
WebDriver BiDi listening on ws://127.0.0.1:62273
1692028642908	RemoteAgent	WARN	TLS certificate errors will be ignored for this session
console.warn: SearchSettings: "get: No settings file exists, new profile?" (new NotFoundError("Could not open the file at /var/folders/25/_g0dwxk50c55q9lqb8pbn9nc0000gp/T/rust_mozprofilemfELsC/search.json.mozlz4", (void 0)))
DevTools listening on ws://127.0.0.1:62273/devtools/browser/5e721ee1-3756-495b-b773-5ef1029b19b1
console.warn: LoginRecipes: "Falling back to a synchronous message for: https://www.fashionnova.com."
console.warn: LoginRecipes: "Falling back to a synchronous message for: https://www.fashionnova.com."
console.warn: LoginRecipes: "Falling back to a synchronous message for: https://www.fashionnova.com."
console.warn: LoginRecipes: "Falling back to a synchronous message for: https://www.fashionnova.com."
console.warn: LoginRecipes: "Falling back to a synchronous message for: https://www.fashionnova.com."
console.warn: LoginRecipes: "Falling back to a synchronous message for: https://www.fashionnova.com."
JavaScript warning: https://ajax.googleapis.com/ajax/libs/jquery/1.9.1/jquery.min.js, line 2: Using //@ to indicate sourceMappingURL pragmas is deprecated. Use //# instead
console.warn: LoginRecipes: "Falling back to a synchronous message for: https://www.fashionnova.com."
console.warn: LoginRecipes: "Falling back to a synchronous message for: https://www.fashionnova.com."
console.warn: LoginRecipes: "Falling back to a synchronous message for: https://www.fashionnova.com."
console.warn: LoginRecipes: "Falling back to a synchronous message for: https://www.fashionnova.com."
console.warn: LoginRecipes: "Falling back to a synchronous message for: https://www.fashionnova.com."
console.warn: LoginRecipes: "Falling back to a synchronous message for: https://www.fashionnova.com."
JavaScript warning: https://d38xvr37kwwhcm.cloudfront.net/js/grin-sdk.js?shop=fnova.myshopify.com, line 1: WEBGL_debug_renderer_info is deprecated in Firefox and will be removed. Please use RENDERER.
JavaScript warning: https://d38xvr37kwwhcm.cloudfront.net/js/grin-sdk.js?shop=fnova.myshopify.com, line 1: WEBGL_debug_renderer_info is deprecated in Firefox and will be removed. Please use RENDERER.
JavaScript warning: https://connect.nosto.com/script/shopify/nosto.js?merchant=shopify-2939277&shop=fnova.myshopify.com, line 3: Using //@ to indicate sourceURL pragmas is deprecated. Use //# instead
JavaScript error: https://www.fashionnova.com/collections/skorts line 1 > injectedScript, line 2: TypeError: window.gtm_ecomm_impressions is undefined
[GFX1-]: Unrecognized feature ACCELERATED_CANVAS2D
1692029343024	Marionette	INFO	Stopped listening on port 62309
